<?xml version="1.0" encoding="utf-8"?><testsuites name="pytest tests"><testsuite name="pytest" errors="0" failures="0" skipped="0" tests="15" time="2.447" timestamp="2026-04-12T00:32:34.352950+00:00" hostname="agent-env-53d1491d-e340-4e53-b5a0-11e1d3cf1062"><testcase classname="backend.tests.test_api.TestHealthCheck" name="test_api_root" time="0.154" /><testcase classname="backend.tests.test_api.TestDashboardStats" name="test_dashboard_stats" time="0.115" /><testcase classname="backend.tests.test_api.TestAdminStats" name="test_admin_stats_returns_1000_customers" time="0.161" /><testcase classname="backend.tests.test_api.TestAdminCustomers" name="test_list_customers_with_limit" time="0.175" /><testcase classname="backend.tests.test_api.TestAdminCustomers" name="test_customer_filtering_by_tier" time="0.120" /><testcase classname="backend.tests.test_api.TestAdminCustomers" name="test_customer_filtering_by_status" time="0.154" /><testcase classname="backend.tests.test_api.TestAdminCustomers" name="test_customer_sorting" time="0.115" /><testcase classname="backend.tests.test_api.TestAdminCustomers" name="test_customer_detail" time="0.228" /><testcase classname="backend.tests.test_api.TestAdminAlerts" name="test_alerts_returns_critical_and_high_risk" time="0.106" /><testcase classname="backend.tests.test_api.TestAdminTickets" name="test_tickets_list" time="0.121" /><testcase classname="backend.tests.test_api.TestScans" name="test_list_scans" time="0.106" /><testcase classname="backend.tests.test_api.TestScans" name="test_create_scan" time="0.114" /><testcase classname="backend.tests.test_api.TestScans" name="test_get_scan_status" time="0.269" /><testcase classname="backend.tests.test_api.TestVulnerabilities" name="test_list_vulnerabilities" time="0.137" /><testcase classname="backend.tests.test_api.TestComponents" name="test_list_components" time="0.113" /></testsuite></testsuites>