<?xml version="1.0" encoding="utf-8"?><testsuites name="pytest tests"><testsuite name="pytest" errors="0" failures="0" skipped="0" tests="13" time="2.125" timestamp="2026-04-12T00:56:13.992192+00:00" hostname="agent-env-53d1491d-e340-4e53-b5a0-11e1d3cf1062"><testcase classname="tests.test_wellguard_api.TestHealthAndRoot" name="test_root_endpoint" time="0.196" /><testcase classname="tests.test_wellguard_api.TestDashboardStats" name="test_dashboard_stats_endpoint" time="0.119" /><testcase classname="tests.test_wellguard_api.TestScansAPI" name="test_list_scans" time="0.123" /><testcase classname="tests.test_wellguard_api.TestScansAPI" name="test_create_scan" time="0.200" /><testcase classname="tests.test_wellguard_api.TestScansAPI" name="test_create_scan_invalid_target" time="0.110" /><testcase classname="tests.test_wellguard_api.TestScansAPI" name="test_get_scan_not_found" time="0.145" /><testcase classname="tests.test_wellguard_api.TestVulnerabilitiesAPI" name="test_list_vulnerabilities" time="0.138" /><testcase classname="tests.test_wellguard_api.TestVulnerabilitiesAPI" name="test_filter_vulnerabilities_by_severity" time="0.132" /><testcase classname="tests.test_wellguard_api.TestComponentsAPI" name="test_list_components" time="0.203" /><testcase classname="tests.test_wellguard_api.TestAdminAPI" name="test_admin_stats" time="0.122" /><testcase classname="tests.test_wellguard_api.TestAdminAPI" name="test_admin_customers_list" time="0.154" /><testcase classname="tests.test_wellguard_api.TestAdminAPI" name="test_admin_alerts" time="0.128" /><testcase classname="tests.test_wellguard_api.TestAdminAPI" name="test_admin_tickets" time="0.151" /></testsuite></testsuites>